<?xml version="1.0" encoding="UTF-8"?>
<!-- Generated by org.testng.reporters.JUnitReportReporter -->
<testsuite hostname="DESKTOP-37EPDOT" name="testScript.TC_001" tests="1" failures="0" timestamp="10 Mar 2019 05:39:55 GMT" time="1.560" errors="0">
  <testcase name="sample" time="1.560" classname="testScript.TC_001"/>
</testsuite> <!-- testScript.TC_001 -->
